<?xml version="1.0" encoding="UTF-8"?>
<!-- Generated by org.testng.reporters.JUnitReportReporter -->
<testsuite skipped="0" hostname="mpatil" name="com.product.qa.testcases.ChangePasswordTest" tests="6" failures="0" timestamp="05 Jun 2020 11:59:44 GMT" time="400.228" errors="0">
  <testcase name="verifyPasswordLabelTest" time="56.564" classname="com.product.qa.testcases.ChangePasswordTest"/>
  <testcase name="verifyChangePasswordTest" time="65.598" classname="com.product.qa.testcases.ChangePasswordTest"/>
  <testcase name="VerifyChangePasswordTextTest" time="67.829" classname="com.product.qa.testcases.ChangePasswordTest"/>
  <testcase name="verifyPleaseEnterValidPasswordtextTest" time="67.486" classname="com.product.qa.testcases.ChangePasswordTest"/>
  <testcase name="verifyPleaseReEnterPasswordTextTest" time="65.846" classname="com.product.qa.testcases.ChangePasswordTest"/>
  <testcase name="verifyPasswordMisMatchTextTest" time="76.905" classname="com.product.qa.testcases.ChangePasswordTest"/>
</testsuite> <!-- com.product.qa.testcases.ChangePasswordTest -->
