<?xml version="1.0" encoding="UTF-8"?>
<!-- Generated by org.testng.reporters.JUnitReportReporter -->
<testsuite skipped="0" hostname="mpatil" name="com.product.qa.testcases.MyEventsTest" tests="1" failures="0" timestamp="18 May 2020 11:36:30 GMT" time="116.650" errors="0">
  <testcase name="VerifyMyEvent" time="116.650" classname="com.product.qa.testcases.MyEventsTest"/>
</testsuite> <!-- com.product.qa.testcases.MyEventsTest -->
