<?xml version="1.0" encoding="UTF-8"?>
<!-- Generated by org.testng.reporters.JUnitReportReporter -->
<testsuite skipped="1" hostname="mpatil" name="com.product.qa.testcases.LoginTest" tests="4" failures="0" timestamp="05 Jun 2020 08:55:16 GMT" time="109.266" errors="0">
  <testcase name="LoginPageTitletest" time="26.575" classname="com.product.qa.testcases.LoginTest"/>
  <testcase name="MzLogoImagetest" time="23.072" classname="com.product.qa.testcases.LoginTest"/>
  <testcase name="ValidateLogin" time="59.619" classname="com.product.qa.testcases.LoginTest"/>
  <testcase name="ValidateForgotPassword" classname="com.product.qa.testcases.LoginTest">
    <skipped/>
  </testcase> <!-- ValidateForgotPassword -->
</testsuite> <!-- com.product.qa.testcases.LoginTest -->
