<?xml version="1.0" encoding="UTF-8"?>
<!-- Generated by org.testng.reporters.JUnitReportReporter -->
<testsuite skipped="0" hostname="mpatil" name="com.product.qa.testcases.EventsPageTest" tests="2" failures="0" timestamp="18 May 2020 11:36:29 GMT" time="226.512" errors="0">
  <testcase name="VerifyEventTest" time="132.726" classname="com.product.qa.testcases.EventsPageTest"/>
  <testcase name="VerifyEventPageFilterLinksTest" time="93.786" classname="com.product.qa.testcases.EventsPageTest"/>
</testsuite> <!-- com.product.qa.testcases.EventsPageTest -->
