<?xml version="1.0" encoding="UTF-8"?>
<!-- Generated by org.testng.reporters.JUnitReportReporter -->
<testsuite skipped="10" hostname="mpatil" name="com.product.qa.testcases.DashboardPageTest" tests="11" failures="0" timestamp="05 Jun 2020 09:46:43 GMT" time="96.995" errors="0">
  <testcase name="courseCountTest" time="96.995" classname="com.product.qa.testcases.DashboardPageTest"/>
  <testcase name="EventViewAllBtnTest" classname="com.product.qa.testcases.DashboardPageTest">
    <skipped/>
  </testcase> <!-- EventViewAllBtnTest -->
  <testcase name="BlogsOpenTest" classname="com.product.qa.testcases.DashboardPageTest">
    <skipped/>
  </testcase> <!-- BlogsOpenTest -->
  <testcase name="verifyEventOpenTest" classname="com.product.qa.testcases.DashboardPageTest">
    <skipped/>
  </testcase> <!-- verifyEventOpenTest -->
  <testcase name="upcomingEventLabelTest" classname="com.product.qa.testcases.DashboardPageTest">
    <skipped/>
  </testcase> <!-- upcomingEventLabelTest -->
  <testcase name="BlogsViewAllBtnTest" classname="com.product.qa.testcases.DashboardPageTest">
    <skipped/>
  </testcase> <!-- BlogsViewAllBtnTest -->
  <testcase name="BlogsCountTest" classname="com.product.qa.testcases.DashboardPageTest">
    <skipped/>
  </testcase> <!-- BlogsCountTest -->
  <testcase name="EventsCountTest" classname="com.product.qa.testcases.DashboardPageTest">
    <skipped/>
  </testcase> <!-- EventsCountTest -->
  <testcase name="resumeButtonTest" classname="com.product.qa.testcases.DashboardPageTest">
    <skipped/>
  </testcase> <!-- resumeButtonTest -->
  <testcase name="BlogsLabelTest" classname="com.product.qa.testcases.DashboardPageTest">
    <skipped/>
  </testcase> <!-- BlogsLabelTest -->
  <testcase name="LearnigPathLabelTest" classname="com.product.qa.testcases.DashboardPageTest">
    <skipped/>
  </testcase> <!-- LearnigPathLabelTest -->
</testsuite> <!-- com.product.qa.testcases.DashboardPageTest -->
