<?xml version="1.0" encoding="UTF-8"?>
<!-- Generated by org.testng.reporters.JUnitReportReporter -->
<testsuite skipped="8" hostname="mpatil" name="com.product.qa.testcases.BlogsPageTest" tests="10" failures="0" timestamp="05 Jun 2020 11:32:22 GMT" time="178.905" errors="0">
  <testcase name="deleteCommentTest" time="88.739" classname="com.product.qa.testcases.BlogsPageTest"/>
  <testcase name="AbusingWordTest" time="90.166" classname="com.product.qa.testcases.BlogsPageTest"/>
  <testcase name="EditCommentTest" classname="com.product.qa.testcases.BlogsPageTest">
    <skipped/>
  </testcase> <!-- EditCommentTest -->
  <testcase name="relatedEventsOpenTest" classname="com.product.qa.testcases.BlogsPageTest">
    <skipped/>
  </testcase> <!-- relatedEventsOpenTest -->
  <testcase name="relatedTagsOpenTest" classname="com.product.qa.testcases.BlogsPageTest">
    <skipped/>
  </testcase> <!-- relatedTagsOpenTest -->
  <testcase name="verifyReadMoreBtnTest" classname="com.product.qa.testcases.BlogsPageTest">
    <skipped/>
  </testcase> <!-- verifyReadMoreBtnTest -->
  <testcase name="relatedCourseOpenTest" classname="com.product.qa.testcases.BlogsPageTest">
    <skipped/>
  </testcase> <!-- relatedCourseOpenTest -->
  <testcase name="addingCommentTest" classname="com.product.qa.testcases.BlogsPageTest">
    <skipped/>
  </testcase> <!-- addingCommentTest -->
  <testcase name="verifyBlogopenByLinkTest" classname="com.product.qa.testcases.BlogsPageTest">
    <skipped/>
  </testcase> <!-- verifyBlogopenByLinkTest -->
  <testcase name="verifyBlogLabelTest" classname="com.product.qa.testcases.BlogsPageTest">
    <skipped/>
  </testcase> <!-- verifyBlogLabelTest -->
</testsuite> <!-- com.product.qa.testcases.BlogsPageTest -->
