<?xml version="1.0" encoding="UTF-8"?>
<!-- Generated by org.testng.reporters.JUnitReportReporter -->
<testsuite skipped="2" hostname="mpatil" name="com.product.qa.testcases.MyProfileTest" tests="4" failures="0" timestamp="05 Jun 2020 12:34:18 GMT" time="155.902" errors="0">
  <testcase name="verifyBesicDetailTest" time="78.270" classname="com.product.qa.testcases.MyProfileTest"/>
  <testcase name="verifyContactInformationTest" time="77.632" classname="com.product.qa.testcases.MyProfileTest"/>
  <testcase name="ValidateRemoveImageTest" classname="com.product.qa.testcases.MyProfileTest">
    <skipped/>
  </testcase> <!-- ValidateRemoveImageTest -->
  <testcase name="ValidateUpdateProfileTest" classname="com.product.qa.testcases.MyProfileTest">
    <skipped/>
  </testcase> <!-- ValidateUpdateProfileTest -->
</testsuite> <!-- com.product.qa.testcases.MyProfileTest -->
