<?xml version="1.0" encoding="UTF-8"?>
<!-- Generated by org.testng.reporters.JUnitReportReporter -->
<testsuite skipped="0" hostname="mpatil" name="com.product.qa.testcases.FeedbackTest" tests="5" failures="0" timestamp="05 Jun 2020 11:42:03 GMT" time="356.738" errors="0">
  <testcase name="FeedbackLabelTest" time="68.767" classname="com.product.qa.testcases.FeedbackTest"/>
  <testcase name="cancelButtonTest" time="67.474" classname="com.product.qa.testcases.FeedbackTest"/>
  <testcase name="submitFeedbackWith500CharecterTest" time="76.697" classname="com.product.qa.testcases.FeedbackTest"/>
  <testcase name="submitFeedbackWith501CharecterTest" time="78.758" classname="com.product.qa.testcases.FeedbackTest"/>
  <testcase name="CharecterLimitTest" time="65.042" classname="com.product.qa.testcases.FeedbackTest"/>
</testsuite> <!-- com.product.qa.testcases.FeedbackTest -->
